<?xml version="1.0" encoding="UTF-8"?>
<!-- Generated by org.testng.reporters.JUnitReportReporter -->
<testsuite hostname="LAPTOP-168B2A9Q" failures="0" tests="1" name="NewTest1" time="71.058" errors="0" timestamp="2022-10-11T21:06:49 IST" skipped="0">
  <testcase classname="NewTest1" name="f" time="71.058"/>
  <system-out/>
</testsuite> <!-- NewTest1 -->
