<?xml version="1.0" encoding="UTF-8"?>
<!-- Generated by org.testng.reporters.JUnitReportReporter -->
<testsuite hostname="LAPTOP-168B2A9Q" failures="0" tests="1" name="NewTest" time="82.959" errors="0" timestamp="2022-10-11T21:01:02 IST" skipped="0">
  <testcase classname="NewTest" name="f" time="82.959"/>
  <system-out/>
</testsuite> <!-- NewTest -->
